[debug] [2023-09-14T19:24:34.142Z] ----------------------------------------------------------------------
[debug] [2023-09-14T19:24:34.145Z] Command:       C:\Program Files\nodejs\node.exe C:\Users\Neelam\AppData\Roaming\npm\node_modules\firebase-tools\lib\bin\firebase.js init
[debug] [2023-09-14T19:24:34.145Z] CLI Version:   12.5.4
[debug] [2023-09-14T19:24:34.146Z] Platform:      win32
[debug] [2023-09-14T19:24:34.146Z] Node Version:  v20.6.1
[debug] [2023-09-14T19:24:34.146Z] Time:          Fri Sep 15 2023 00:54:34 GMT+0530 (India Standard Time)
[debug] [2023-09-14T19:24:34.146Z] ----------------------------------------------------------------------
[debug] 
[debug] [2023-09-14T19:24:34.154Z] > command requires scopes: ["email","openid","https://www.googleapis.com/auth/cloudplatformprojects.readonly","https://www.googleapis.com/auth/firebase","https://www.googleapis.com/auth/cloud-platform"]
[debug] [2023-09-14T19:24:34.154Z] > authorizing via signed-in user (neelamdeka20@gmail.com)
[info] 
     ######## #### ########  ######## ########     ###     ######  ########
     ##        ##  ##     ## ##       ##     ##  ##   ##  ##       ##
     ######    ##  ########  ######   ########  #########  ######  ######
     ##        ##  ##    ##  ##       ##     ## ##     ##       ## ##
     ##       #### ##     ## ######## ########  ##     ##  ######  ########

You're about to initialize a Firebase project in this directory:

  C:\Users\Neelam\Desktop\project\realtime-chat

[info] 
=== Project Setup
[info] 
[info] First, let's associate this project directory with a Firebase project.
[info] You can create multiple project aliases by running firebase use --add, 
[info] but for now we'll just set up a default project.
[info] 
[debug] [2023-09-14T19:25:23.633Z] > refreshing access token with scopes: []
[debug] [2023-09-14T19:25:23.634Z] >>> [apiv2][query] POST https://www.googleapis.com/oauth2/v3/token [none]
[debug] [2023-09-14T19:25:23.635Z] >>> [apiv2][body] POST https://www.googleapis.com/oauth2/v3/token [omitted]
[debug] [2023-09-14T19:25:24.048Z] <<< [apiv2][status] POST https://www.googleapis.com/oauth2/v3/token 200
[debug] [2023-09-14T19:25:24.048Z] <<< [apiv2][body] POST https://www.googleapis.com/oauth2/v3/token [omitted]
[debug] [2023-09-14T19:25:24.059Z] >>> [apiv2][query] GET https://firebase.googleapis.com/v1beta1/projects pageSize=100
[debug] [2023-09-14T19:25:25.018Z] <<< [apiv2][status] GET https://firebase.googleapis.com/v1beta1/projects 200
[debug] [2023-09-14T19:25:25.018Z] <<< [apiv2][body] GET https://firebase.googleapis.com/v1beta1/projects [omitted]
[info] i  Using project real-time-chat-2b1ba (real-time-chat) 
[info] 
=== Database Setup
[info] i  database: ensuring required API firebasedatabase.googleapis.com is enabled... 
[debug] [2023-09-14T19:25:29.113Z] >>> [apiv2][query] GET https://serviceusage.googleapis.com/v1/projects/real-time-chat-2b1ba/services/firebasedatabase.googleapis.com [none]
[debug] [2023-09-14T19:25:29.114Z] >>> [apiv2][(partial)header] GET https://serviceusage.googleapis.com/v1/projects/real-time-chat-2b1ba/services/firebasedatabase.googleapis.com x-goog-quota-user=projects/real-time-chat-2b1ba
[debug] [2023-09-14T19:25:31.280Z] <<< [apiv2][status] GET https://serviceusage.googleapis.com/v1/projects/real-time-chat-2b1ba/services/firebasedatabase.googleapis.com 200
[debug] [2023-09-14T19:25:31.280Z] <<< [apiv2][body] GET https://serviceusage.googleapis.com/v1/projects/real-time-chat-2b1ba/services/firebasedatabase.googleapis.com [omitted]
[warn] !  database: missing required API firebasedatabase.googleapis.com. Enabling now... 
[debug] [2023-09-14T19:25:31.281Z] >>> [apiv2][query] POST https://serviceusage.googleapis.com/v1/projects/real-time-chat-2b1ba/services/firebasedatabase.googleapis.com:enable [none]
[debug] [2023-09-14T19:25:31.281Z] >>> [apiv2][(partial)header] POST https://serviceusage.googleapis.com/v1/projects/real-time-chat-2b1ba/services/firebasedatabase.googleapis.com:enable x-goog-quota-user=projects/real-time-chat-2b1ba
[debug] [2023-09-14T19:25:33.325Z] <<< [apiv2][status] POST https://serviceusage.googleapis.com/v1/projects/real-time-chat-2b1ba/services/firebasedatabase.googleapis.com:enable 200
[debug] [2023-09-14T19:25:33.325Z] <<< [apiv2][body] POST https://serviceusage.googleapis.com/v1/projects/real-time-chat-2b1ba/services/firebasedatabase.googleapis.com:enable [omitted]
[debug] [2023-09-14T19:25:43.330Z] >>> [apiv2][query] GET https://serviceusage.googleapis.com/v1/projects/real-time-chat-2b1ba/services/firebasedatabase.googleapis.com [none]
[debug] [2023-09-14T19:25:43.330Z] >>> [apiv2][(partial)header] GET https://serviceusage.googleapis.com/v1/projects/real-time-chat-2b1ba/services/firebasedatabase.googleapis.com x-goog-quota-user=projects/real-time-chat-2b1ba
[debug] [2023-09-14T19:25:45.256Z] <<< [apiv2][status] GET https://serviceusage.googleapis.com/v1/projects/real-time-chat-2b1ba/services/firebasedatabase.googleapis.com 200
[debug] [2023-09-14T19:25:45.256Z] <<< [apiv2][body] GET https://serviceusage.googleapis.com/v1/projects/real-time-chat-2b1ba/services/firebasedatabase.googleapis.com [omitted]
[info] +  database: required API firebasedatabase.googleapis.com is enabled 
[info] 
[debug] [2023-09-14T19:25:45.260Z] >>> [apiv2][query] GET https://firebase.googleapis.com/v1beta1/projects/real-time-chat-2b1ba [none]
[debug] [2023-09-14T19:25:46.084Z] <<< [apiv2][status] GET https://firebase.googleapis.com/v1beta1/projects/real-time-chat-2b1ba 200
[debug] [2023-09-14T19:25:46.084Z] <<< [apiv2][body] GET https://firebase.googleapis.com/v1beta1/projects/real-time-chat-2b1ba {"projectId":"real-time-chat-2b1ba","projectNumber":"271878951279","displayName":"real-time-chat","name":"projects/real-time-chat-2b1ba","resources":{"hostingSite":"real-time-chat-2b1ba"},"state":"ACTIVE","etag":"1_864903b8-7231-4130-a48a-da0807e3eeb6"}
[debug] [2023-09-14T19:36:57.929Z] >>> [apiv2][query] POST https://firebasedatabase.googleapis.com/v1beta/projects/real-time-chat-2b1ba/locations/asia-southeast1/instances databaseId=real-time-chat-2b1ba-default-rtdb&validateOnly=true
[debug] [2023-09-14T19:36:57.929Z] >>> [apiv2][body] POST https://firebasedatabase.googleapis.com/v1beta/projects/real-time-chat-2b1ba/locations/asia-southeast1/instances {"type":"default_database"}
[debug] [2023-09-14T19:37:00.393Z] <<< [apiv2][status] POST https://firebasedatabase.googleapis.com/v1beta/projects/real-time-chat-2b1ba/locations/asia-southeast1/instances 200
[debug] [2023-09-14T19:37:00.393Z] <<< [apiv2][body] POST https://firebasedatabase.googleapis.com/v1beta/projects/real-time-chat-2b1ba/locations/asia-southeast1/instances {"name":"projects/271878951279/locations/asia-southeast1/instances/real-time-chat-2b1ba-default-rtdb","project":"projects/271878951279","databaseUrl":"https://real-time-chat-2b1ba-default-rtdb.asia-southeast1.firebasedatabase.app","type":"DEFAULT_DATABASE","state":"ACTIVE"}
[debug] [2023-09-14T19:37:00.395Z] >>> [apiv2][query] POST https://firebasedatabase.googleapis.com/v1beta/projects/real-time-chat-2b1ba/locations/asia-southeast1/instances databaseId=real-time-chat-2b1ba-default-rtdb
[debug] [2023-09-14T19:37:00.395Z] >>> [apiv2][body] POST https://firebasedatabase.googleapis.com/v1beta/projects/real-time-chat-2b1ba/locations/asia-southeast1/instances {"type":"default_database"}
[debug] [2023-09-14T19:37:01.252Z] <<< [apiv2][status] POST https://firebasedatabase.googleapis.com/v1beta/projects/real-time-chat-2b1ba/locations/asia-southeast1/instances 200
[debug] [2023-09-14T19:37:01.252Z] <<< [apiv2][body] POST https://firebasedatabase.googleapis.com/v1beta/projects/real-time-chat-2b1ba/locations/asia-southeast1/instances {"name":"projects/271878951279/locations/asia-southeast1/instances/real-time-chat-2b1ba-default-rtdb","project":"projects/271878951279","databaseUrl":"https://real-time-chat-2b1ba-default-rtdb.asia-southeast1.firebasedatabase.app","type":"DEFAULT_DATABASE","state":"ACTIVE"}
[info] 
[info] Firebase Realtime Database Security Rules allow you to define how your data should be
[info] structured and when your data can be read from and written to.
[info] 
[debug] [2023-09-14T19:37:06.978Z] >>> [apiv2][query] GET https://real-time-chat-2b1ba-default-rtdb.asia-southeast1.firebasedatabase.app/.settings/rules.json [none]
[debug] [2023-09-14T19:37:08.929Z] <<< [apiv2][status] GET https://real-time-chat-2b1ba-default-rtdb.asia-southeast1.firebasedatabase.app/.settings/rules.json 200
[debug] [2023-09-14T19:37:08.929Z] <<< [apiv2][body] GET https://real-time-chat-2b1ba-default-rtdb.asia-southeast1.firebasedatabase.app/.settings/rules.json [stream]
[info] +  Database Rules for real-time-chat-2b1ba-default-rtdb have been written to database.rules.json. 
[info] Future modifications to database.rules.json will update Realtime Database Security Rules when you run
[info] firebase deploy.
[info] 
=== Firestore Setup
[debug] [2023-09-14T19:37:08.933Z] >>> [apiv2][query] GET https://serviceusage.googleapis.com/v1/projects/real-time-chat-2b1ba/services/firestore.googleapis.com [none]
[debug] [2023-09-14T19:37:08.933Z] >>> [apiv2][(partial)header] GET https://serviceusage.googleapis.com/v1/projects/real-time-chat-2b1ba/services/firestore.googleapis.com x-goog-quota-user=projects/real-time-chat-2b1ba
[debug] [2023-09-14T19:37:11.106Z] <<< [apiv2][status] GET https://serviceusage.googleapis.com/v1/projects/real-time-chat-2b1ba/services/firestore.googleapis.com 200
[debug] [2023-09-14T19:37:11.106Z] <<< [apiv2][body] GET https://serviceusage.googleapis.com/v1/projects/real-time-chat-2b1ba/services/firestore.googleapis.com [omitted]
[debug] [2023-09-14T19:37:11.106Z] >>> [apiv2][query] GET https://firestore.googleapis.com/v1/projects/real-time-chat-2b1ba/databases/(default) [none]
[debug] [2023-09-14T19:37:11.945Z] <<< [apiv2][status] GET https://firestore.googleapis.com/v1/projects/real-time-chat-2b1ba/databases/(default) 200
[debug] [2023-09-14T19:37:11.946Z] <<< [apiv2][body] GET https://firestore.googleapis.com/v1/projects/real-time-chat-2b1ba/databases/(default) {"name":"projects/real-time-chat-2b1ba/databases/(default)","uid":"7449c8d1-5c77-4c4a-8a51-59f117bbff0d","createTime":"2023-09-14T18:44:28.809286Z","updateTime":"2023-09-14T18:44:28.809286Z","locationId":"asia-south1","type":"FIRESTORE_NATIVE","concurrencyMode":"PESSIMISTIC","versionRetentionPeriod":"3600s","earliestVersionTime":"2023-09-14T18:44:28.809286Z","appEngineIntegrationMode":"DISABLED","keyPrefix":"j","pointInTimeRecoveryEnablement":"POINT_IN_TIME_RECOVERY_DISABLED","deleteProtectionState":"DELETE_PROTECTION_DISABLED","etag":"IKHKm+zsqoEDMMzxvb/jqoED"}
[debug] [2023-09-14T19:37:11.946Z] database_type: FIRESTORE_NATIVE
[debug] [2023-09-14T19:37:11.946Z] > command requires scopes: ["email","openid","https://www.googleapis.com/auth/cloudplatformprojects.readonly","https://www.googleapis.com/auth/firebase","https://www.googleapis.com/auth/cloud-platform"]
[debug] [2023-09-14T19:37:11.946Z] > authorizing via signed-in user (neelamdeka20@gmail.com)
[debug] [2023-09-14T19:37:11.946Z] [iam] checking project real-time-chat-2b1ba for permissions ["firebase.projects.get"]
[debug] [2023-09-14T19:37:11.946Z] >>> [apiv2][query] POST https://cloudresourcemanager.googleapis.com/v1/projects/real-time-chat-2b1ba:testIamPermissions [none]
[debug] [2023-09-14T19:37:11.946Z] >>> [apiv2][(partial)header] POST https://cloudresourcemanager.googleapis.com/v1/projects/real-time-chat-2b1ba:testIamPermissions x-goog-quota-user=projects/real-time-chat-2b1ba
[debug] [2023-09-14T19:37:11.947Z] >>> [apiv2][body] POST https://cloudresourcemanager.googleapis.com/v1/projects/real-time-chat-2b1ba:testIamPermissions {"permissions":["firebase.projects.get"]}
[debug] [2023-09-14T19:37:13.860Z] <<< [apiv2][status] POST https://cloudresourcemanager.googleapis.com/v1/projects/real-time-chat-2b1ba:testIamPermissions 200
[debug] [2023-09-14T19:37:13.860Z] <<< [apiv2][body] POST https://cloudresourcemanager.googleapis.com/v1/projects/real-time-chat-2b1ba:testIamPermissions {"permissions":["firebase.projects.get"]}
[info] 
[info] Firestore Security Rules allow you to define how and when to allow
[info] requests. You can keep these rules in your project directory
[info] and publish them with firebase deploy.
[info] 
